FILES FROM APP DOWNLOADABLE
------------------------------------------------------------------ 
assemble.bat
assemble.command
build.settings
clone
commands/app/Ads.lua
commands/app/bookmark.lua
commands/app/coronaViewer.lua
commands/app/droidHWKey.lua
commands/app/expDir.lua
commands/app/kwkVar.lua
commands/app/loadLib.lua
commands/app/memoryCheck.lua
commands/app/statusBar.lua
commands/app/suspend.lua
commands/app/variables.lua
commands/app/versionCheck.lua
commands/kwik/actionAction.lua
commands/kwik/actionCommand.lua
commands/kwik/animationAction.lua
commands/kwik/appAction.lua
commands/kwik/audioAction.lua
commands/kwik/buttonAction.lua
commands/kwik/canvasAction.lua
commands/kwik/countdownAction.lua
commands/kwik/filterAction.lua
commands/kwik/imageAction.lua
commands/kwik/languageAction.lua
commands/kwik/layerAction.lua
commands/kwik/multiplierAction.lua
commands/kwik/pageAction.lua
commands/kwik/particleAction.lua
commands/kwik/physicsAction.lua
commands/kwik/purchaseAction.lua
commands/kwik/randomAction.lua
commands/kwik/readmeAction.lua
commands/kwik/screenshotAction.lua
commands/kwik/spriteAction.lua
commands/kwik/timerAction.lua
commands/kwik/variableAction.lua
commands/kwik/videoAction.lua
commands/kwik/webAction.lua
commands/page01/action_act_buy.lua
commands/page02/action_act_buy.lua
commands/page03/action_act_buy.lua
components/kwik/layerUI.lua
components/kwik/tabButFunction.lua
components/kwik/vars.lua
components/page01/bg_image_.lua
components/page01/downloadBtn_image_.lua
components/page01/Epsode01Icon_image_.lua
components/page01/Epsode02Icon_image_.lua
components/page01/Epsode03Icon_image_.lua
components/page01/page_common.lua
components/page01/page_IAP_.lua
components/page01/page_swipe_bg.lua
components/page01/purchaseBtn_image_.lua
components/page01/restoreBtn_image_.lua
components/page01/savedBtn_image_.lua
components/page01/savingTxt_image_.lua
components/page01UI.lua
components/page02/bg_image_.lua
components/page02/downloadBtn_image_.lua
components/page02/Epsode02Icon_image_.lua
components/page02/Layer_1_image_.lua
components/page02/page_common.lua
components/page02/page_IAP_.lua
components/page02/page_swipe_bg.lua
components/page02/page_swipe_Layer_1.lua
components/page02/purchaseBtn_image_.lua
components/page02/savedBtn_image_.lua
components/page02/savingTxt_image_.lua
components/page02UI.lua
components/page03/bg_image_.lua
components/page03/downloadBtn_image_.lua
components/page03/Epsode02Icon_image_.lua
components/page03/Layer_1_image_.lua
components/page03/page_common.lua
components/page03/page_IAP_.lua
components/page03/page_swipe_bg.lua
components/page03/page_swipe_Layer_1.lua
components/page03/purchaseBtn_image_.lua
components/page03/savedBtn_image_.lua
components/page03/savingTxt_image_.lua
components/page03UI.lua
components/page04/Layer_1_image_.lua
components/page04/page_common.lua
components/page04/page_IAP_.lua
components/page04/page_swipe_Layer_1.lua
components/page04UI.lua
components/page05/Layer_1_image_.lua
components/page05/page_common.lua
components/page05/page_IAP_.lua
components/page05/page_swipe_Layer_1.lua
components/page05UI.lua
components/page06/Layer_1_image_.lua
components/page06/page_common.lua
components/page06/page_IAP_.lua
components/page06/page_swipe_Layer_1.lua
components/page06UI.lua
components/store/command.lua
components/store/downloadManager.lua
components/store/IAP.lua
components/store/iap_badger.lua
components/store/model.lua
components/store/scene.lua
components/store/spinner.lua
components/store/UI.lua
config.lua
contexts/page01Context.lua
contexts/page02Context.lua
contexts/page03Context.lua
contexts/page04Context.lua
contexts/page05Context.lua
contexts/page06Context.lua
deserialize
extend
extlib/btween.lua
extlib/Callbacks.lua
extlib/const.lua
extlib/Deferred.lua
extlib/dmc_gesture.lua
extlib/dmc_multitouch.lua
extlib/dmc_touchmanager.lua
extlib/enum.lua
extlib/gtween.lua
extlib/kNavi.lua
extlib/lustache.lua
extlib/lustache/context.lua
extlib/lustache/renderer.lua
extlib/lustache/scanner.lua
extlib/movieclip.lua
extlib/page_curl.lua
extlib/page_curl/chebyshev.lua
extlib/page_curl/class.lua
extlib/page_curl/constants.lua
extlib/page_curl/grab.lua
extlib/page_curl/objects.lua
extlib/page_curl/offsets.lua
extlib/page_curl/shader.lua
extlib/page_curl/touch.lua
extlib/page_reload.lua
extlib/particleDesigner.lua
extlib/queue.lua
extlib/robotlegs/Command.lua
extlib/robotlegs/Context.lua
extlib/robotlegs/Mediator.lua
extlib/stack.lua
extlib/syncSound.lua
extlib/transitionfilter.lua
has
has_own
is
keys
mediators/page01Mediator.lua
mediators/page02Mediator.lua
mediators/page03Mediator.lua
mediators/page04Mediator.lua
mediators/page05Mediator.lua
mediators/page06Mediator.lua
merge
p1/bg.png
p1/bg@2x.png
p1/bg@4x.png
p1/downloadbtn.png
p1/downloadbtn@2x.png
p1/downloadbtn@4x.png
p1/epsode01icon.png
p1/epsode01icon@2x.png
p1/epsode01icon@4x.png
p1/epsode02icon.png
p1/epsode02icon@2x.png
p1/epsode02icon@4x.png
p1/epsode03icon.png
p1/epsode03icon@2x.png
p1/epsode03icon@4x.png
p1/purchasebtn.png
p1/purchasebtn@2x.png
p1/purchasebtn@4x.png
p1/restorebtn.png
p1/restorebtn@2x.png
p1/restorebtn@4x.png
p1/savedbtn.png
p1/savedbtn@2x.png
p1/savedbtn@4x.png
p1/savingtxt.png
p1/savingtxt@2x.png
p1/savingtxt@4x.png
p2/layer_1.png
p2/layer_1@2x.png
p2/layer_1@4x.png
p3/bg.png
p3/bg@2x.png
p3/bg@4x.png
p3/downloadbtn.png
p3/downloadbtn@2x.png
p3/downloadbtn@4x.png
p3/epsode02icon.png
p3/epsode02icon@2x.png
p3/epsode02icon@4x.png
p3/purchasebtn.png
p3/purchasebtn@2x.png
p3/purchasebtn@4x.png
p3/savedbtn.png
p3/savedbtn@2x.png
p3/savedbtn@4x.png
p3/savingtxt.png
p3/savingtxt@2x.png
p3/savingtxt@4x.png
p4/layer_1.png
p4/layer_1@2x.png
p4/layer_1@4x.png
p5/layer_1.png
p5/layer_1@2x.png
p5/layer_1@4x.png
p6/layer_1.png
p6/layer_1@2x.png
p6/layer_1@4x.png
serialize
to
to_console
values
views/page01Scene.lua
views/page02Scene.lua
views/page03Scene.lua
views/page04Scene.lua
views/page05Scene.lua
views/page06Scene.lua
vo/page01VO.lua
vo/page02VO.lua
vo/page03VO.lua
vo/page04VO.lua
vo/page05VO.lua
vo/page06VO.lua
